<?xml version="1.0" encoding="UTF-8"?>
<testng-results ignored="0" total="1" passed="1" failed="0" skipped="0">
  <reporter-output>
  </reporter-output>
  <suite started-at="2022-11-10T21:16:08 IST" name="Default suite" finished-at="2022-11-10T21:16:08 IST" duration-ms="53">
    <groups>
    </groups>
    <test started-at="2022-11-10T21:16:08 IST" name="Default test" finished-at="2022-11-10T21:16:08 IST" duration-ms="53">
      <class name="githubchecking">
        <test-method signature="git()[pri:0, instance:githubchecking@1ba9117e]" started-at="2022-11-10T21:16:08 IST" name="git" finished-at="2022-11-10T21:16:08 IST" duration-ms="10" status="PASS">
          <reporter-output>
          </reporter-output>
        </test-method> <!-- git -->
      </class> <!-- githubchecking -->
    </test> <!-- Default test -->
  </suite> <!-- Default suite -->
</testng-results>
